[INFO] Scanning for projects...
[INFO] 
[INFO] ------------------< com.homeexpress:home-express-api >------------------
[INFO] Building home-express-api 0.0.1-SNAPSHOT
[INFO]   from pom.xml
[INFO] --------------------------------[ jar ]---------------------------------
[INFO] 
[INFO] >>> spring-boot:3.5.5:run (default-cli) > test-compile @ home-express-api >>>
[INFO] 
[INFO] --- resources:3.3.1:resources (default-resources) @ home-express-api ---
[INFO] Copying 1 resource from src\main\resources to target\classes
[INFO] Copying 14 resources from src\main\resources to target\classes
[INFO] 
[INFO] --- compiler:3.14.0:compile (default-compile) @ home-express-api ---
[INFO] Nothing to compile - all classes are up to date.
[INFO] 
[INFO] --- resources:3.3.1:testResources (default-testResources) @ home-express-api ---
[INFO] skip non existing resourceDirectory F:\01_Development\Active\home-express-project\backend\home-express-api\src\test\resources
[INFO] 
[INFO] --- compiler:3.14.0:testCompile (default-testCompile) @ home-express-api ---
[INFO] Nothing to compile - all classes are up to date.
[INFO] 
[INFO] <<< spring-boot:3.5.5:run (default-cli) < test-compile @ home-express-api <<<
[INFO] 
[INFO] 
[INFO] --- spring-boot:3.5.5:run (default-cli) @ home-express-api ---
[INFO] Attaching agents: []

  .   ____          _            __ _ _
 /\\ / ___'_ __ _ _(_)_ __  __ _ \ \ \ \
( ( )\___ | '_ | '_| | '_ \/ _` | \ \ \ \
 \\/  ___)| |_)| | | | | || (_| |  ) ) ) )
  '  |____| .__|_| |_|_| |_\__, | / / / /
 =========|_|==============|___/=/_/_/_/

 :: Spring Boot ::                (v3.5.5)

2025-11-04T22:09:00.852+07:00  INFO 13976 --- [  restartedMain] c.h.h.HomeExpressApiApplication          : Starting HomeExpressApiApplication using Java 21.0.8 with PID 13976 (F:\01_Development\Active\home-express-project\backend\home-express-api\target\classes started by quana in F:\01_Development\Active\home-express-project\backend\home-express-api)
2025-11-04T22:09:00.853+07:00 DEBUG 13976 --- [  restartedMain] c.h.h.HomeExpressApiApplication          : Running with Spring Boot v3.5.5, Spring v6.2.10
2025-11-04T22:09:00.854+07:00  INFO 13976 --- [  restartedMain] c.h.h.HomeExpressApiApplication          : No active profile set, falling back to 1 default profile: "default"
2025-11-04T22:09:00.895+07:00  INFO 13976 --- [  restartedMain] .e.DevToolsPropertyDefaultsPostProcessor : Devtools property defaults active! Set 'spring.devtools.add-properties' to 'false' to disable
2025-11-04T22:09:00.897+07:00  INFO 13976 --- [  restartedMain] .e.DevToolsPropertyDefaultsPostProcessor : For additional web related logging consider setting the 'logging.level.web' property to 'DEBUG'
2025-11-04T22:09:02.423+07:00  INFO 13976 --- [  restartedMain] .s.d.r.c.RepositoryConfigurationDelegate : Multiple Spring Data modules found, entering strict repository configuration mode
2025-11-04T22:09:02.425+07:00  INFO 13976 --- [  restartedMain] .s.d.r.c.RepositoryConfigurationDelegate : Bootstrapping Spring Data JPA repositories in DEFAULT mode.
2025-11-04T22:09:02.727+07:00  INFO 13976 --- [  restartedMain] .s.d.r.c.RepositoryConfigurationDelegate : Finished Spring Data repository scanning in 293 ms. Found 42 JPA repository interfaces.
2025-11-04T22:09:02.743+07:00  INFO 13976 --- [  restartedMain] .s.d.r.c.RepositoryConfigurationDelegate : Multiple Spring Data modules found, entering strict repository configuration mode
2025-11-04T22:09:02.744+07:00  INFO 13976 --- [  restartedMain] .s.d.r.c.RepositoryConfigurationDelegate : Bootstrapping Spring Data Redis repositories in DEFAULT mode.
2025-11-04T22:09:02.780+07:00  INFO 13976 --- [  restartedMain] .RepositoryConfigurationExtensionSupport : Spring Data Redis - Could not safely identify store assignment for repository candidate interface com.homeexpress.home_express_api.repository.AdminSettingsRepository; If you want this repository to be a Redis repository, consider annotating your entities with one of these annotations: org.springframework.data.redis.core.RedisHash (preferred), or consider extending one of the following types with your repository: org.springframework.data.keyvalue.repository.KeyValueRepository
2025-11-04T22:09:02.780+07:00  INFO 13976 --- [  restartedMain] .RepositoryConfigurationExtensionSupport : Spring Data Redis - Could not safely identify store assignment for repository candidate interface com.homeexpress.home_express_api.repository.BookingItemRepository; If you want this repository to be a Redis repository, consider annotating your entities with one of these annotations: org.springframework.data.redis.core.RedisHash (preferred), or consider extending one of the following types with your repository: org.springframework.data.keyvalue.repository.KeyValueRepository
2025-11-04T22:09:02.782+07:00  INFO 13976 --- [  restartedMain] .RepositoryConfigurationExtensionSupport : Spring Data Redis - Could not safely identify store assignment for repository candidate interface com.homeexpress.home_express_api.repository.BookingRepository; If you want this repository to be a Redis repository, consider annotating your entities with one of these annotations: org.springframework.data.redis.core.RedisHash (preferred), or consider extending one of the following types with your repository: org.springframework.data.keyvalue.repository.KeyValueRepository
2025-11-04T22:09:02.782+07:00  INFO 13976 --- [  restartedMain] .RepositoryConfigurationExtensionSupport : Spring Data Redis - Could not safely identify store assignment for repository candidate interface com.homeexpress.home_express_api.repository.BookingSettlementRepository; If you want this repository to be a Redis repository, consider annotating your entities with one of these annotations: org.springframework.data.redis.core.RedisHash (preferred), or consider extending one of the following types with your repository: org.springframework.data.keyvalue.repository.KeyValueRepository
2025-11-04T22:09:02.782+07:00  INFO 13976 --- [  restartedMain] .RepositoryConfigurationExtensionSupport : Spring Data Redis - Could not safely identify store assignment for repository candidate interface com.homeexpress.home_express_api.repository.BookingStatusHistoryRepository; If you want this repository to be a Redis repository, consider annotating your entities with one of these annotations: org.springframework.data.redis.core.RedisHash (preferred), or consider extending one of the following types with your repository: org.springframework.data.keyvalue.repository.KeyValueRepository
2025-11-04T22:09:02.782+07:00  INFO 13976 --- [  restartedMain] .RepositoryConfigurationExtensionSupport : Spring Data Redis - Could not safely identify store assignment for repository candidate interface com.homeexpress.home_express_api.repository.CategoryPricingRepository; If you want this repository to be a Redis repository, consider annotating your entities with one of these annotations: org.springframework.data.redis.core.RedisHash (preferred), or consider extending one of the following types with your repository: org.springframework.data.keyvalue.repository.KeyValueRepository
2025-11-04T22:09:02.783+07:00  INFO 13976 --- [  restartedMain] .RepositoryConfigurationExtensionSupport : Spring Data Redis - Could not safely identify store assignment for repository candidate interface com.homeexpress.home_express_api.repository.CategoryRepository; If you want this repository to be a Redis repository, consider annotating your entities with one of these annotations: org.springframework.data.redis.core.RedisHash (preferred), or consider extending one of the following types with your repository: org.springframework.data.keyvalue.repository.KeyValueRepository
2025-11-04T22:09:02.783+07:00  INFO 13976 --- [  restartedMain] .RepositoryConfigurationExtensionSupport : Spring Data Redis - Could not safely identify store assignment for repository candidate interface com.homeexpress.home_express_api.repository.CommissionRuleRepository; If you want this repository to be a Redis repository, consider annotating your entities with one of these annotations: org.springframework.data.redis.core.RedisHash (preferred), or consider extending one of the following types with your repository: org.springframework.data.keyvalue.repository.KeyValueRepository
2025-11-04T22:09:02.783+07:00  INFO 13976 --- [  restartedMain] .RepositoryConfigurationExtensionSupport : Spring Data Redis - Could not safely identify store assignment for repository candidate interface com.homeexpress.home_express_api.repository.ContractRepository; If you want this repository to be a Redis repository, consider annotating your entities with one of these annotations: org.springframework.data.redis.core.RedisHash (preferred), or consider extending one of the following types with your repository: org.springframework.data.keyvalue.repository.KeyValueRepository
2025-11-04T22:09:02.783+07:00  INFO 13976 --- [  restartedMain] .RepositoryConfigurationExtensionSupport : Spring Data Redis - Could not safely identify store assignment for repository candidate interface com.homeexpress.home_express_api.repository.CustomerRepository; If you want this repository to be a Redis repository, consider annotating your entities with one of these annotations: org.springframework.data.redis.core.RedisHash (preferred), or consider extending one of the following types with your repository: org.springframework.data.keyvalue.repository.KeyValueRepository
2025-11-04T22:09:02.784+07:00  INFO 13976 --- [  restartedMain] .RepositoryConfigurationExtensionSupport : Spring Data Redis - Could not safely identify store assignment for repository candidate interface com.homeexpress.home_express_api.repository.CustomerSavedItemRepository; If you want this repository to be a Redis repository, consider annotating your entities with one of these annotations: org.springframework.data.redis.core.RedisHash (preferred), or consider extending one of the following types with your repository: org.springframework.data.keyvalue.repository.KeyValueRepository
2025-11-04T22:09:02.784+07:00  INFO 13976 --- [  restartedMain] .RepositoryConfigurationExtensionSupport : Spring Data Redis - Could not safely identify store assignment for repository candidate interface com.homeexpress.home_express_api.repository.CustomerSettingsRepository; If you want this repository to be a Redis repository, consider annotating your entities with one of these annotations: org.springframework.data.redis.core.RedisHash (preferred), or consider extending one of the following types with your repository: org.springframework.data.keyvalue.repository.KeyValueRepository
2025-11-04T22:09:02.784+07:00  INFO 13976 --- [  restartedMain] .RepositoryConfigurationExtensionSupport : Spring Data Redis - Could not safely identify store assignment for repository candidate interface com.homeexpress.home_express_api.repository.EvidenceRepository; If you want this repository to be a Redis repository, consider annotating your entities with one of these annotations: org.springframework.data.redis.core.RedisHash (preferred), or consider extending one of the following types with your repository: org.springframework.data.keyvalue.repository.KeyValueRepository
2025-11-04T22:09:02.784+07:00  INFO 13976 --- [  restartedMain] .RepositoryConfigurationExtensionSupport : Spring Data Redis - Could not safely identify store assignment for repository candidate interface com.homeexpress.home_express_api.repository.IncidentRepository; If you want this repository to be a Redis repository, consider annotating your entities with one of these annotations: org.springframework.data.redis.core.RedisHash (preferred), or consider extending one of the following types with your repository: org.springframework.data.keyvalue.repository.KeyValueRepository
2025-11-04T22:09:02.784+07:00  INFO 13976 --- [  restartedMain] .RepositoryConfigurationExtensionSupport : Spring Data Redis - Could not safely identify store assignment for repository candidate interface com.homeexpress.home_express_api.repository.IntakeSessionItemRepository; If you want this repository to be a Redis repository, consider annotating your entities with one of these annotations: org.springframework.data.redis.core.RedisHash (preferred), or consider extending one of the following types with your repository: org.springframework.data.keyvalue.repository.KeyValueRepository
2025-11-04T22:09:02.785+07:00  INFO 13976 --- [  restartedMain] .RepositoryConfigurationExtensionSupport : Spring Data Redis - Could not safely identify store assignment for repository candidate interface com.homeexpress.home_express_api.repository.IntakeSessionRepository; If you want this repository to be a Redis repository, consider annotating your entities with one of these annotations: org.springframework.data.redis.core.RedisHash (preferred), or consider extending one of the following types with your repository: org.springframework.data.keyvalue.repository.KeyValueRepository
2025-11-04T22:09:02.785+07:00  INFO 13976 --- [  restartedMain] .RepositoryConfigurationExtensionSupport : Spring Data Redis - Could not safely identify store assignment for repository candidate interface com.homeexpress.home_express_api.repository.LoginAttemptRepository; If you want this repository to be a Redis repository, consider annotating your entities with one of these annotations: org.springframework.data.redis.core.RedisHash (preferred), or consider extending one of the following types with your repository: org.springframework.data.keyvalue.repository.KeyValueRepository
2025-11-04T22:09:02.785+07:00  INFO 13976 --- [  restartedMain] .RepositoryConfigurationExtensionSupport : Spring Data Redis - Could not safely identify store assignment for repository candidate interface com.homeexpress.home_express_api.repository.ManagerRepository; If you want this repository to be a Redis repository, consider annotating your entities with one of these annotations: org.springframework.data.redis.core.RedisHash (preferred), or consider extending one of the following types with your repository: org.springframework.data.keyvalue.repository.KeyValueRepository
2025-11-04T22:09:02.785+07:00  INFO 13976 --- [  restartedMain] .RepositoryConfigurationExtensionSupport : Spring Data Redis - Could not safely identify store assignment for repository candidate interface com.homeexpress.home_express_api.repository.NotificationPreferenceRepository; If you want this repository to be a Redis repository, consider annotating your entities with one of these annotations: org.springframework.data.redis.core.RedisHash (preferred), or consider extending one of the following types with your repository: org.springframework.data.keyvalue.repository.KeyValueRepository
2025-11-04T22:09:02.785+07:00  INFO 13976 --- [  restartedMain] .RepositoryConfigurationExtensionSupport : Spring Data Redis - Could not safely identify store assignment for repository candidate interface com.homeexpress.home_express_api.repository.NotificationRepository; If you want this repository to be a Redis repository, consider annotating your entities with one of these annotations: org.springframework.data.redis.core.RedisHash (preferred), or consider extending one of the following types with your repository: org.springframework.data.keyvalue.repository.KeyValueRepository
2025-11-04T22:09:02.786+07:00  INFO 13976 --- [  restartedMain] .RepositoryConfigurationExtensionSupport : Spring Data Redis - Could not safely identify store assignment for repository candidate interface com.homeexpress.home_express_api.repository.OtpRepository; If you want this repository to be a Redis repository, consider annotating your entities with one of these annotations: org.springframework.data.redis.core.RedisHash (preferred), or consider extending one of the following types with your repository: org.springframework.data.keyvalue.repository.KeyValueRepository
2025-11-04T22:09:02.786+07:00  INFO 13976 --- [  restartedMain] .RepositoryConfigurationExtensionSupport : Spring Data Redis - Could not safely identify store assignment for repository candidate interface com.homeexpress.home_express_api.repository.OutboxMessageRepository; If you want this repository to be a Redis repository, consider annotating your entities with one of these annotations: org.springframework.data.redis.core.RedisHash (preferred), or consider extending one of the following types with your repository: org.springframework.data.keyvalue.repository.KeyValueRepository
2025-11-04T22:09:02.786+07:00  INFO 13976 --- [  restartedMain] .RepositoryConfigurationExtensionSupport : Spring Data Redis - Could not safely identify store assignment for repository candidate interface com.homeexpress.home_express_api.repository.PaymentRepository; If you want this repository to be a Redis repository, consider annotating your entities with one of these annotations: org.springframework.data.redis.core.RedisHash (preferred), or consider extending one of the following types with your repository: org.springframework.data.keyvalue.repository.KeyValueRepository
2025-11-04T22:09:02.786+07:00  INFO 13976 --- [  restartedMain] .RepositoryConfigurationExtensionSupport : Spring Data Redis - Could not safely identify store assignment for repository candidate interface com.homeexpress.home_express_api.repository.PriceHistoryRepository; If you want this repository to be a Redis repository, consider annotating your entities with one of these annotations: org.springframework.data.redis.core.RedisHash (preferred), or consider extending one of the following types with your repository: org.springframework.data.keyvalue.repository.KeyValueRepository
2025-11-04T22:09:02.787+07:00  INFO 13976 --- [  restartedMain] .RepositoryConfigurationExtensionSupport : Spring Data Redis - Could not safely identify store assignment for repository candidate interface com.homeexpress.home_express_api.repository.ProductModelRepository; If you want this repository to be a Redis repository, consider annotating your entities with one of these annotations: org.springframework.data.redis.core.RedisHash (preferred), or consider extending one of the following types with your repository: org.springframework.data.keyvalue.repository.KeyValueRepository
2025-11-04T22:09:02.788+07:00  INFO 13976 --- [  restartedMain] .RepositoryConfigurationExtensionSupport : Spring Data Redis - Could not safely identify store assignment for repository candidate interface com.homeexpress.home_express_api.repository.QuotationRepository; If you want this repository to be a Redis repository, consider annotating your entities with one of these annotations: org.springframework.data.redis.core.RedisHash (preferred), or consider extending one of the following types with your repository: org.springframework.data.keyvalue.repository.KeyValueRepository
2025-11-04T22:09:02.789+07:00  INFO 13976 --- [  restartedMain] .RepositoryConfigurationExtensionSupport : Spring Data Redis - Could not safely identify store assignment for repository candidate interface com.homeexpress.home_express_api.repository.ReviewReportRepository; If you want this repository to be a Redis repository, consider annotating your entities with one of these annotations: org.springframework.data.redis.core.RedisHash (preferred), or consider extending one of the following types with your repository: org.springframework.data.keyvalue.repository.KeyValueRepository
2025-11-04T22:09:02.789+07:00  INFO 13976 --- [  restartedMain] .RepositoryConfigurationExtensionSupport : Spring Data Redis - Could not safely identify store assignment for repository candidate interface com.homeexpress.home_express_api.repository.ReviewRepository; If you want this repository to be a Redis repository, consider annotating your entities with one of these annotations: org.springframework.data.redis.core.RedisHash (preferred), or consider extending one of the following types with your repository: org.springframework.data.keyvalue.repository.KeyValueRepository
2025-11-04T22:09:02.789+07:00  INFO 13976 --- [  restartedMain] .RepositoryConfigurationExtensionSupport : Spring Data Redis - Could not safely identify store assignment for repository candidate interface com.homeexpress.home_express_api.repository.ReviewResponseRepository; If you want this repository to be a Redis repository, consider annotating your entities with one of these annotations: org.springframework.data.redis.core.RedisHash (preferred), or consider extending one of the following types with your repository: org.springframework.data.keyvalue.repository.KeyValueRepository
2025-11-04T22:09:02.789+07:00  INFO 13976 --- [  restartedMain] .RepositoryConfigurationExtensionSupport : Spring Data Redis - Could not safely identify store assignment for repository candidate interface com.homeexpress.home_express_api.repository.SizeRepository; If you want this repository to be a Redis repository, consider annotating your entities with one of these annotations: org.springframework.data.redis.core.RedisHash (preferred), or consider extending one of the following types with your repository: org.springframework.data.keyvalue.repository.KeyValueRepository
2025-11-04T22:09:02.789+07:00  INFO 13976 --- [  restartedMain] .RepositoryConfigurationExtensionSupport : Spring Data Redis - Could not safely identify store assignment for repository candidate interface com.homeexpress.home_express_api.repository.TransportPayoutItemRepository; If you want this repository to be a Redis repository, consider annotating your entities with one of these annotations: org.springframework.data.redis.core.RedisHash (preferred), or consider extending one of the following types with your repository: org.springframework.data.keyvalue.repository.KeyValueRepository
2025-11-04T22:09:02.789+07:00  INFO 13976 --- [  restartedMain] .RepositoryConfigurationExtensionSupport : Spring Data Redis - Could not safely identify store assignment for repository candidate interface com.homeexpress.home_express_api.repository.TransportPayoutRepository; If you want this repository to be a Redis repository, consider annotating your entities with one of these annotations: org.springframework.data.redis.core.RedisHash (preferred), or consider extending one of the following types with your repository: org.springframework.data.keyvalue.repository.KeyValueRepository
2025-11-04T22:09:02.789+07:00  INFO 13976 --- [  restartedMain] .RepositoryConfigurationExtensionSupport : Spring Data Redis - Could not safely identify store assignment for repository candidate interface com.homeexpress.home_express_api.repository.TransportRepository; If you want this repository to be a Redis repository, consider annotating your entities with one of these annotations: org.springframework.data.redis.core.RedisHash (preferred), or consider extending one of the following types with your repository: org.springframework.data.keyvalue.repository.KeyValueRepository
2025-11-04T22:09:02.789+07:00  INFO 13976 --- [  restartedMain] .RepositoryConfigurationExtensionSupport : Spring Data Redis - Could not safely identify store assignment for repository candidate interface com.homeexpress.home_express_api.repository.TransportSettingsRepository; If you want this repository to be a Redis repository, consider annotating your entities with one of these annotations: org.springframework.data.redis.core.RedisHash (preferred), or consider extending one of the following types with your repository: org.springframework.data.keyvalue.repository.KeyValueRepository
2025-11-04T22:09:02.790+07:00  INFO 13976 --- [  restartedMain] .RepositoryConfigurationExtensionSupport : Spring Data Redis - Could not safely identify store assignment for repository candidate interface com.homeexpress.home_express_api.repository.UserRepository; If you want this repository to be a Redis repository, consider annotating your entities with one of these annotations: org.springframework.data.redis.core.RedisHash (preferred), or consider extending one of the following types with your repository: org.springframework.data.keyvalue.repository.KeyValueRepository
2025-11-04T22:09:02.790+07:00  INFO 13976 --- [  restartedMain] .RepositoryConfigurationExtensionSupport : Spring Data Redis - Could not safely identify store assignment for repository candidate interface com.homeexpress.home_express_api.repository.UserSessionRepository; If you want this repository to be a Redis repository, consider annotating your entities with one of these annotations: org.springframework.data.redis.core.RedisHash (preferred), or consider extending one of the following types with your repository: org.springframework.data.keyvalue.repository.KeyValueRepository
2025-11-04T22:09:02.791+07:00  INFO 13976 --- [  restartedMain] .RepositoryConfigurationExtensionSupport : Spring Data Redis - Could not safely identify store assignment for repository candidate interface com.homeexpress.home_express_api.repository.UserTokenRepository; If you want this repository to be a Redis repository, consider annotating your entities with one of these annotations: org.springframework.data.redis.core.RedisHash (preferred), or consider extending one of the following types with your repository: org.springframework.data.keyvalue.repository.KeyValueRepository
2025-11-04T22:09:02.791+07:00  INFO 13976 --- [  restartedMain] .RepositoryConfigurationExtensionSupport : Spring Data Redis - Could not safely identify store assignment for repository candidate interface com.homeexpress.home_express_api.repository.VehiclePricingRepository; If you want this repository to be a Redis repository, consider annotating your entities with one of these annotations: org.springframework.data.redis.core.RedisHash (preferred), or consider extending one of the following types with your repository: org.springframework.data.keyvalue.repository.KeyValueRepository
2025-11-04T22:09:02.791+07:00  INFO 13976 --- [  restartedMain] .RepositoryConfigurationExtensionSupport : Spring Data Redis - Could not safely identify store assignment for repository candidate interface com.homeexpress.home_express_api.repository.VehicleRepository; If you want this repository to be a Redis repository, consider annotating your entities with one of these annotations: org.springframework.data.redis.core.RedisHash (preferred), or consider extending one of the following types with your repository: org.springframework.data.keyvalue.repository.KeyValueRepository
2025-11-04T22:09:02.791+07:00  INFO 13976 --- [  restartedMain] .RepositoryConfigurationExtensionSupport : Spring Data Redis - Could not safely identify store assignment for repository candidate interface com.homeexpress.home_express_api.repository.VnDistrictRepository; If you want this repository to be a Redis repository, consider annotating your entities with one of these annotations: org.springframework.data.redis.core.RedisHash (preferred), or consider extending one of the following types with your repository: org.springframework.data.keyvalue.repository.KeyValueRepository
2025-11-04T22:09:02.791+07:00  INFO 13976 --- [  restartedMain] .RepositoryConfigurationExtensionSupport : Spring Data Redis - Could not safely identify store assignment for repository candidate interface com.homeexpress.home_express_api.repository.VnProvinceRepository; If you want this repository to be a Redis repository, consider annotating your entities with one of these annotations: org.springframework.data.redis.core.RedisHash (preferred), or consider extending one of the following types with your repository: org.springframework.data.keyvalue.repository.KeyValueRepository
2025-11-04T22:09:02.791+07:00  INFO 13976 --- [  restartedMain] .RepositoryConfigurationExtensionSupport : Spring Data Redis - Could not safely identify store assignment for repository candidate interface com.homeexpress.home_express_api.repository.VnWardRepository; If you want this repository to be a Redis repository, consider annotating your entities with one of these annotations: org.springframework.data.redis.core.RedisHash (preferred), or consider extending one of the following types with your repository: org.springframework.data.keyvalue.repository.KeyValueRepository
2025-11-04T22:09:02.791+07:00  INFO 13976 --- [  restartedMain] .s.d.r.c.RepositoryConfigurationDelegate : Finished Spring Data repository scanning in 37 ms. Found 0 Redis repository interfaces.
2025-11-04T22:09:03.468+07:00  INFO 13976 --- [  restartedMain] o.s.b.w.embedded.tomcat.TomcatWebServer  : Tomcat initialized with port 8084 (http)
2025-11-04T22:09:03.481+07:00  INFO 13976 --- [  restartedMain] o.apache.catalina.core.StandardService   : Starting service [Tomcat]
2025-11-04T22:09:03.481+07:00  INFO 13976 --- [  restartedMain] o.apache.catalina.core.StandardEngine    : Starting Servlet engine: [Apache Tomcat/10.1.44]
2025-11-04T22:09:03.535+07:00  INFO 13976 --- [  restartedMain] o.a.c.c.C.[Tomcat].[localhost].[/]       : Initializing Spring embedded WebApplicationContext
2025-11-04T22:09:03.536+07:00  INFO 13976 --- [  restartedMain] w.s.c.ServletWebServerApplicationContext : Root WebApplicationContext: initialization completed in 2639 ms
2025-11-04T22:09:03.931+07:00  INFO 13976 --- [  restartedMain] com.zaxxer.hikari.HikariDataSource       : HikariPool-1 - Starting...
2025-11-04T22:09:04.085+07:00  INFO 13976 --- [  restartedMain] com.zaxxer.hikari.pool.HikariPool        : HikariPool-1 - Added connection com.mysql.cj.jdbc.ConnectionImpl@5be8f35e
2025-11-04T22:09:04.086+07:00  INFO 13976 --- [  restartedMain] com.zaxxer.hikari.HikariDataSource       : HikariPool-1 - Start completed.
2025-11-04T22:09:04.130+07:00  INFO 13976 --- [  restartedMain] org.flywaydb.core.FlywayExecutor         : Database: jdbc:mysql://localhost:3306/home_express?useSSL=false&serverTimezone=Asia/Ho_Chi_Minh (MySQL 8.0)
2025-11-04T22:09:04.740+07:00  INFO 13976 --- [  restartedMain] o.f.core.internal.command.DbValidate     : Successfully validated 18 migrations (execution time 00:00.172s)
2025-11-04T22:09:04.763+07:00  INFO 13976 --- [  restartedMain] o.f.core.internal.command.DbMigrate      : Current version of schema `home_express`: 20251116
2025-11-04T22:09:04.763+07:00  WARN 13976 --- [  restartedMain] o.f.core.internal.command.DbMigrate      : outOfOrder mode is active. Migration of schema `home_express` may not be reproducible.
2025-11-04T22:09:04.766+07:00  INFO 13976 --- [  restartedMain] o.f.core.internal.command.DbMigrate      : Schema `home_express` is up to date. No migration necessary.
2025-11-04T22:09:04.861+07:00  INFO 13976 --- [  restartedMain] o.hibernate.jpa.internal.util.LogHelper  : HHH000204: Processing PersistenceUnitInfo [name: default]
2025-11-04T22:09:04.907+07:00  INFO 13976 --- [  restartedMain] org.hibernate.Version                    : HHH000412: Hibernate ORM core version 6.6.26.Final
2025-11-04T22:09:04.934+07:00  INFO 13976 --- [  restartedMain] o.h.c.internal.RegionFactoryInitiator    : HHH000026: Second-level cache disabled
2025-11-04T22:09:05.153+07:00  INFO 13976 --- [  restartedMain] o.s.o.j.p.SpringPersistenceUnitInfo      : No LoadTimeWeaver setup: ignoring JPA class transformer
2025-11-04T22:09:05.199+07:00  WARN 13976 --- [  restartedMain] org.hibernate.orm.deprecation            : HHH90000025: MySQL8Dialect does not need to be specified explicitly using 'hibernate.dialect' (remove the property setting and it will be selected by default)
2025-11-04T22:09:05.201+07:00  WARN 13976 --- [  restartedMain] org.hibernate.orm.deprecation            : HHH90000026: MySQL8Dialect has been deprecated; use org.hibernate.dialect.MySQLDialect instead
2025-11-04T22:09:05.212+07:00  INFO 13976 --- [  restartedMain] org.hibernate.orm.connections.pooling    : HHH10001005: Database info:
	Database JDBC URL [Connecting through datasource 'HikariDataSource (HikariPool-1)']
	Database driver: undefined/unknown
	Database version: 8.0
	Autocommit mode: undefined/unknown
	Isolation level: undefined/unknown
	Minimum pool size: undefined/unknown
	Maximum pool size: undefined/unknown
2025-11-04T22:09:06.673+07:00  INFO 13976 --- [  restartedMain] o.h.e.t.j.p.i.JtaPlatformInitiator       : HHH000489: No JTA platform available (set 'hibernate.transaction.jta.platform' to enable JTA platform integration)
2025-11-04T22:09:06.684+07:00  INFO 13976 --- [  restartedMain] j.LocalContainerEntityManagerFactoryBean : Initialized JPA EntityManagerFactory for persistence unit 'default'
2025-11-04T22:09:07.001+07:00 DEBUG 13976 --- [  restartedMain] c.h.h.config.JwtAuthenticationFilter     : Filter 'jwtAuthenticationFilter' configured for use
2025-11-04T22:09:07.124+07:00  INFO 13976 --- [  restartedMain] o.s.d.j.r.query.QueryEnhancerFactory     : Hibernate is in classpath; If applicable, HQL parser will be used.
2025-11-04T22:09:10.537+07:00  WARN 13976 --- [  restartedMain] JpaBaseConfiguration$JpaWebConfiguration : spring.jpa.open-in-view is enabled by default. Therefore, database queries may be performed during view rendering. Explicitly configure spring.jpa.open-in-view to disable this warning
2025-11-04T22:09:10.862+07:00  INFO 13976 --- [  restartedMain] o.s.b.a.e.web.EndpointLinksResolver      : Exposing 1 endpoint beneath base path '/actuator'
2025-11-04T22:09:10.905+07:00  WARN 13976 --- [  restartedMain] .s.s.UserDetailsServiceAutoConfiguration : 

Using generated security password: d1cd4f8c-2dfe-496d-8c49-f0335c540304

This generated password is for development use only. Your security configuration must be updated before running your application in production.

2025-11-04T22:09:10.913+07:00  INFO 13976 --- [  restartedMain] r$InitializeUserDetailsManagerConfigurer : Global AuthenticationManager configured with UserDetailsService bean with name inMemoryUserDetailsManager
2025-11-04T22:09:11.021+07:00 DEBUG 13976 --- [  restartedMain] o.s.s.web.DefaultSecurityFilterChain     : Will secure any request with filters: DisableEncodeUrlFilter, WebAsyncManagerIntegrationFilter, SecurityContextHolderFilter, HeaderWriterFilter, CorsFilter, LogoutFilter, JwtAuthenticationFilter, RequestCacheAwareFilter, SecurityContextHolderAwareRequestFilter, AnonymousAuthenticationFilter, SessionManagementFilter, ExceptionTranslationFilter, AuthorizationFilter
2025-11-04T22:09:11.555+07:00  INFO 13976 --- [  restartedMain] o.s.b.d.a.OptionalLiveReloadServer       : LiveReload server is running on port 35729
2025-11-04T22:09:11.620+07:00  INFO 13976 --- [  restartedMain] o.s.b.w.embedded.tomcat.TomcatWebServer  : Tomcat started on port 8084 (http) with context path '/'
2025-11-04T22:09:11.638+07:00  INFO 13976 --- [  restartedMain] c.h.h.HomeExpressApiApplication          : Started HomeExpressApiApplication in 11.262 seconds (process running for 11.948)
Hibernate: 
    select
        u1_0.user_id,
        u1_0.created_at,
        u1_0.email,
        u1_0.email_verified_at,
        u1_0.is_active,
        u1_0.is_verified,
        u1_0.last_login,
        u1_0.last_password_change,
        u1_0.locked_until,
        u1_0.password_hash,
        u1_0.reset_password_expires,
        u1_0.reset_password_token,
        u1_0.role,
        u1_0.updated_at,
        u1_0.verification_token 
    from
        users u1_0 
    where
        u1_0.email=?
Hibernate: 
    select
        m1_0.manager_id,
        m1_0.created_at,
        m1_0.department,
        m1_0.employee_id,
        m1_0.full_name,
        m1_0.permissions,
        m1_0.phone,
        m1_0.updated_at,
        u1_0.user_id,
        u1_0.created_at,
        u1_0.email,
        u1_0.email_verified_at,
        u1_0.is_active,
        u1_0.is_verified,
        u1_0.last_login,
        u1_0.last_password_change,
        u1_0.locked_until,
        u1_0.password_hash,
        u1_0.reset_password_expires,
        u1_0.reset_password_token,
        u1_0.role,
        u1_0.updated_at,
        u1_0.verification_token 
    from
        managers m1_0 
    join
        users u1_0 
            on u1_0.user_id=m1_0.manager_id 
    where
        m1_0.manager_id=?
2025-11-04T22:11:32.798+07:00  INFO 13976 --- [nio-8084-exec-1] o.a.c.c.C.[Tomcat].[localhost].[/]       : Initializing Spring DispatcherServlet 'dispatcherServlet'
2025-11-04T22:11:32.798+07:00  INFO 13976 --- [nio-8084-exec-1] o.s.web.servlet.DispatcherServlet        : Initializing Servlet 'dispatcherServlet'
2025-11-04T22:11:32.802+07:00  INFO 13976 --- [nio-8084-exec-1] o.s.web.servlet.DispatcherServlet        : Completed initialization in 4 ms
2025-11-04T22:11:32.838+07:00 DEBUG 13976 --- [nio-8084-exec-1] o.s.security.web.FilterChainProxy        : Securing GET /api/v1/auth/me
Hibernate: 
    select
        c1_0.customer_id,
        c1_0.address,
        c1_0.avatar_url,
        c1_0.created_at,
        c1_0.date_of_birth,
        c1_0.full_name,
        c1_0.phone,
        c1_0.preferred_language,
        c1_0.updated_at 
    from
        customers c1_0 
    join
        users u1_0 
            on u1_0.user_id=c1_0.customer_id 
    where
        u1_0.user_id=?
Hibernate: 
    select
        u1_0.user_id,
        u1_0.created_at,
        u1_0.email,
        u1_0.email_verified_at,
        u1_0.is_active,
        u1_0.is_verified,
        u1_0.last_login,
        u1_0.last_password_change,
        u1_0.locked_until,
        u1_0.password_hash,
        u1_0.reset_password_expires,
        u1_0.reset_password_token,
        u1_0.role,
        u1_0.updated_at,
        u1_0.verification_token 
    from
        users u1_0 
    where
        u1_0.user_id=?
2025-11-04T22:11:33.007+07:00 DEBUG 13976 --- [nio-8084-exec-1] o.s.security.web.FilterChainProxy        : Secured GET /api/v1/auth/me
2025-11-04T22:11:35.625+07:00 DEBUG 13976 --- [nio-8084-exec-2] o.s.security.web.FilterChainProxy        : Securing GET /api/v1/auth/me
Hibernate: 
    select
        c1_0.customer_id,
        c1_0.address,
        c1_0.avatar_url,
        c1_0.created_at,
        c1_0.date_of_birth,
        c1_0.full_name,
        c1_0.phone,
        c1_0.preferred_language,
        c1_0.updated_at 
    from
        customers c1_0 
    join
        users u1_0 
            on u1_0.user_id=c1_0.customer_id 
    where
        u1_0.user_id=?
Hibernate: 
    select
        u1_0.user_id,
        u1_0.created_at,
        u1_0.email,
        u1_0.email_verified_at,
        u1_0.is_active,
        u1_0.is_verified,
        u1_0.last_login,
        u1_0.last_password_change,
        u1_0.locked_until,
        u1_0.password_hash,
        u1_0.reset_password_expires,
        u1_0.reset_password_token,
        u1_0.role,
        u1_0.updated_at,
        u1_0.verification_token 
    from
        users u1_0 
    where
        u1_0.user_id=?
2025-11-04T22:11:35.642+07:00 DEBUG 13976 --- [nio-8084-exec-2] o.s.security.web.FilterChainProxy        : Secured GET /api/v1/auth/me
2025-11-04T22:14:36.064+07:00  INFO 13976 --- [   File Watcher] rtingClassPathChangeChangedEventListener : Restarting due to 444 class path changes (0 additions, 443 deletions, 1 modification)
2025-11-04T22:14:36.068+07:00  INFO 13976 --- [       Thread-5] o.s.b.w.e.tomcat.GracefulShutdown        : Commencing graceful shutdown. Waiting for active requests to complete
2025-11-04T22:14:36.076+07:00  INFO 13976 --- [tomcat-shutdown] o.s.b.w.e.tomcat.GracefulShutdown        : Graceful shutdown complete
2025-11-04T22:14:36.100+07:00  INFO 13976 --- [       Thread-5] j.LocalContainerEntityManagerFactoryBean : Closing JPA EntityManagerFactory for persistence unit 'default'
2025-11-04T22:14:36.103+07:00  INFO 13976 --- [       Thread-5] com.zaxxer.hikari.HikariDataSource       : HikariPool-1 - Shutdown initiated...
2025-11-04T22:14:36.110+07:00  INFO 13976 --- [       Thread-5] com.zaxxer.hikari.HikariDataSource       : HikariPool-1 - Shutdown completed.

  .   ____          _            __ _ _
 /\\ / ___'_ __ _ _(_)_ __  __ _ \ \ \ \
( ( )\___ | '_ | '_| | '_ \/ _` | \ \ \ \
 \\/  ___)| |_)| | | | | || (_| |  ) ) ) )
  '  |____| .__|_| |_|_| |_\__, | / / / /
 =========|_|==============|___/=/_/_/_/

 :: Spring Boot ::                (v3.5.5)

2025-11-04T22:14:36.228+07:00  INFO 13976 --- [  restartedMain] c.h.h.HomeExpressApiApplication          : Starting HomeExpressApiApplication using Java 21.0.8 with PID 13976 (F:\01_Development\Active\home-express-project\backend\home-express-api\target\classes started by quana in F:\01_Development\Active\home-express-project\backend\home-express-api)
2025-11-04T22:14:36.229+07:00 DEBUG 13976 --- [  restartedMain] c.h.h.HomeExpressApiApplication          : Running with Spring Boot v3.5.5, Spring v6.2.10
2025-11-04T22:14:36.229+07:00  INFO 13976 --- [  restartedMain] c.h.h.HomeExpressApiApplication          : No active profile set, falling back to 1 default profile: "default"
2025-11-04T22:14:36.717+07:00  INFO 13976 --- [  restartedMain] .s.d.r.c.RepositoryConfigurationDelegate : Multiple Spring Data modules found, entering strict repository configuration mode
2025-11-04T22:14:36.718+07:00  INFO 13976 --- [  restartedMain] .s.d.r.c.RepositoryConfigurationDelegate : Bootstrapping Spring Data JPA repositories in DEFAULT mode.
2025-11-04T22:14:36.722+07:00  INFO 13976 --- [  restartedMain] .s.d.r.c.RepositoryConfigurationDelegate : Finished Spring Data repository scanning in 1 ms. Found 0 JPA repository interfaces.
2025-11-04T22:14:36.728+07:00  INFO 13976 --- [  restartedMain] .s.d.r.c.RepositoryConfigurationDelegate : Multiple Spring Data modules found, entering strict repository configuration mode
2025-11-04T22:14:36.730+07:00  INFO 13976 --- [  restartedMain] .s.d.r.c.RepositoryConfigurationDelegate : Bootstrapping Spring Data Redis repositories in DEFAULT mode.
2025-11-04T22:14:36.733+07:00  INFO 13976 --- [  restartedMain] .s.d.r.c.RepositoryConfigurationDelegate : Finished Spring Data repository scanning in 0 ms. Found 0 Redis repository interfaces.
2025-11-04T22:14:36.966+07:00  INFO 13976 --- [  restartedMain] o.s.b.w.embedded.tomcat.TomcatWebServer  : Tomcat initialized with port 8084 (http)
2025-11-04T22:14:36.969+07:00  INFO 13976 --- [  restartedMain] o.apache.catalina.core.StandardService   : Starting service [Tomcat]
2025-11-04T22:14:36.970+07:00  INFO 13976 --- [  restartedMain] o.apache.catalina.core.StandardEngine    : Starting Servlet engine: [Apache Tomcat/10.1.44]
2025-11-04T22:14:37.013+07:00  INFO 13976 --- [  restartedMain] o.a.c.c.C.[Tomcat].[localhost].[/]       : Initializing Spring embedded WebApplicationContext
2025-11-04T22:14:37.013+07:00  INFO 13976 --- [  restartedMain] w.s.c.ServletWebServerApplicationContext : Root WebApplicationContext: initialization completed in 782 ms
2025-11-04T22:14:37.142+07:00  INFO 13976 --- [  restartedMain] com.zaxxer.hikari.HikariDataSource       : HikariPool-2 - Starting...
2025-11-04T22:14:37.167+07:00  INFO 13976 --- [  restartedMain] com.zaxxer.hikari.pool.HikariPool        : HikariPool-2 - Added connection com.mysql.cj.jdbc.ConnectionImpl@6d2f4dd8
2025-11-04T22:14:37.167+07:00  INFO 13976 --- [  restartedMain] com.zaxxer.hikari.HikariDataSource       : HikariPool-2 - Start completed.
2025-11-04T22:14:37.180+07:00  INFO 13976 --- [  restartedMain] org.flywaydb.core.FlywayExecutor         : Database: jdbc:mysql://localhost:3306/home_express?useSSL=false&serverTimezone=Asia/Ho_Chi_Minh (MySQL 8.0)
2025-11-04T22:14:37.285+07:00  WARN 13976 --- [  restartedMain] ConfigServletWebServerApplicationContext : Exception encountered during context initialization - cancelling refresh attempt: org.springframework.beans.factory.BeanCreationException: Error creating bean with name 'entityManagerFactory' defined in class path resource [org/springframework/boot/autoconfigure/orm/jpa/HibernateJpaConfiguration.class]: Failed to initialize dependency 'flywayInitializer' of LoadTimeWeaverAware bean 'entityManagerFactory': Error creating bean with name 'flywayInitializer' defined in class path resource [org/springframework/boot/autoconfigure/flyway/FlywayAutoConfiguration$FlywayConfiguration.class]: Validate failed: Migrations have failed validation
Detected applied migration not resolved locally: 20251109.
If you removed this migration intentionally, run repair to mark the migration as deleted.
Need more flexibility with validation rules? Learn more: https://rd.gt/3AbJUZE
2025-11-04T22:14:37.285+07:00  INFO 13976 --- [  restartedMain] com.zaxxer.hikari.HikariDataSource       : HikariPool-2 - Shutdown initiated...
2025-11-04T22:14:37.318+07:00  INFO 13976 --- [  restartedMain] com.zaxxer.hikari.HikariDataSource       : HikariPool-2 - Shutdown completed.
2025-11-04T22:14:37.319+07:00  INFO 13976 --- [  restartedMain] o.apache.catalina.core.StandardService   : Stopping service [Tomcat]
2025-11-04T22:14:37.334+07:00  INFO 13976 --- [  restartedMain] .s.b.a.l.ConditionEvaluationReportLogger : 

Error starting ApplicationContext. To display the condition evaluation report re-run your application with 'debug' enabled.
2025-11-04T22:14:37.360+07:00 ERROR 13976 --- [  restartedMain] o.s.boot.SpringApplication               : Application run failed

org.springframework.beans.factory.BeanCreationException: Error creating bean with name 'entityManagerFactory' defined in class path resource [org/springframework/boot/autoconfigure/orm/jpa/HibernateJpaConfiguration.class]: Failed to initialize dependency 'flywayInitializer' of LoadTimeWeaverAware bean 'entityManagerFactory': Error creating bean with name 'flywayInitializer' defined in class path resource [org/springframework/boot/autoconfigure/flyway/FlywayAutoConfiguration$FlywayConfiguration.class]: Validate failed: Migrations have failed validation
Detected applied migration not resolved locally: 20251109.
If you removed this migration intentionally, run repair to mark the migration as deleted.
Need more flexibility with validation rules? Learn more: https://rd.gt/3AbJUZE
	at org.springframework.beans.factory.support.AbstractBeanFactory.doGetBean(AbstractBeanFactory.java:328) ~[spring-beans-6.2.10.jar:6.2.10]
	at org.springframework.beans.factory.support.AbstractBeanFactory.getBean(AbstractBeanFactory.java:207) ~[spring-beans-6.2.10.jar:6.2.10]
	at org.springframework.context.support.AbstractApplicationContext.finishBeanFactoryInitialization(AbstractApplicationContext.java:970) ~[spring-context-6.2.10.jar:6.2.10]
	at org.springframework.context.support.AbstractApplicationContext.refresh(AbstractApplicationContext.java:627) ~[spring-context-6.2.10.jar:6.2.10]
	at org.springframework.boot.web.servlet.context.ServletWebServerApplicationContext.refresh(ServletWebServerApplicationContext.java:146) ~[spring-boot-3.5.5.jar:3.5.5]
	at org.springframework.boot.SpringApplication.refresh(SpringApplication.java:752) ~[spring-boot-3.5.5.jar:3.5.5]
	at org.springframework.boot.SpringApplication.refreshContext(SpringApplication.java:439) ~[spring-boot-3.5.5.jar:3.5.5]
	at org.springframework.boot.SpringApplication.run(SpringApplication.java:318) ~[spring-boot-3.5.5.jar:3.5.5]
	at org.springframework.boot.SpringApplication.run(SpringApplication.java:1361) ~[spring-boot-3.5.5.jar:3.5.5]
	at org.springframework.boot.SpringApplication.run(SpringApplication.java:1350) ~[spring-boot-3.5.5.jar:3.5.5]
	at com.homeexpress.home_express_api.HomeExpressApiApplication.main(HomeExpressApiApplication.java:12) ~[classes/:na]
	at java.base/jdk.internal.reflect.DirectMethodHandleAccessor.invoke(DirectMethodHandleAccessor.java:103) ~[na:na]
	at java.base/java.lang.reflect.Method.invoke(Method.java:580) ~[na:na]
	at org.springframework.boot.devtools.restart.RestartLauncher.run(RestartLauncher.java:50) ~[spring-boot-devtools-3.5.5.jar:3.5.5]
Caused by: org.springframework.beans.factory.BeanCreationException: Error creating bean with name 'flywayInitializer' defined in class path resource [org/springframework/boot/autoconfigure/flyway/FlywayAutoConfiguration$FlywayConfiguration.class]: Validate failed: Migrations have failed validation
Detected applied migration not resolved locally: 20251109.
If you removed this migration intentionally, run repair to mark the migration as deleted.
Need more flexibility with validation rules? Learn more: https://rd.gt/3AbJUZE
	at org.springframework.beans.factory.support.AbstractAutowireCapableBeanFactory.initializeBean(AbstractAutowireCapableBeanFactory.java:1826) ~[spring-beans-6.2.10.jar:6.2.10]
	at org.springframework.beans.factory.support.AbstractAutowireCapableBeanFactory.doCreateBean(AbstractAutowireCapableBeanFactory.java:607) ~[spring-beans-6.2.10.jar:6.2.10]
	at org.springframework.beans.factory.support.AbstractAutowireCapableBeanFactory.createBean(AbstractAutowireCapableBeanFactory.java:529) ~[spring-beans-6.2.10.jar:6.2.10]
	at org.springframework.beans.factory.support.AbstractBeanFactory.lambda$doGetBean$0(AbstractBeanFactory.java:339) ~[spring-beans-6.2.10.jar:6.2.10]
	at org.springframework.beans.factory.support.DefaultSingletonBeanRegistry.getSingleton(DefaultSingletonBeanRegistry.java:373) ~[spring-beans-6.2.10.jar:6.2.10]
	at org.springframework.beans.factory.support.AbstractBeanFactory.doGetBean(AbstractBeanFactory.java:337) ~[spring-beans-6.2.10.jar:6.2.10]
	at org.springframework.beans.factory.support.AbstractBeanFactory.getBean(AbstractBeanFactory.java:202) ~[spring-beans-6.2.10.jar:6.2.10]
	at org.springframework.beans.factory.support.AbstractBeanFactory.doGetBean(AbstractBeanFactory.java:315) ~[spring-beans-6.2.10.jar:6.2.10]
	... 13 common frames omitted
Caused by: org.flywaydb.core.api.exception.FlywayValidateException: Validate failed: Migrations have failed validation
Detected applied migration not resolved locally: 20251109.
If you removed this migration intentionally, run repair to mark the migration as deleted.
Need more flexibility with validation rules? Learn more: https://rd.gt/3AbJUZE
	at org.flywaydb.core.Flyway.lambda$migrate$1(Flyway.java:201) ~[flyway-core-11.7.2.jar:na]
	at org.flywaydb.core.FlywayExecutor.execute(FlywayExecutor.java:210) ~[flyway-core-11.7.2.jar:na]
	at org.flywaydb.core.Flyway.migrate(Flyway.java:188) ~[flyway-core-11.7.2.jar:na]
	at org.springframework.boot.autoconfigure.flyway.FlywayMigrationInitializer.afterPropertiesSet(FlywayMigrationInitializer.java:66) ~[spring-boot-autoconfigure-3.5.5.jar:3.5.5]
	at org.springframework.beans.factory.support.AbstractAutowireCapableBeanFactory.invokeInitMethods(AbstractAutowireCapableBeanFactory.java:1873) ~[spring-beans-6.2.10.jar:6.2.10]
	at org.springframework.beans.factory.support.AbstractAutowireCapableBeanFactory.initializeBean(AbstractAutowireCapableBeanFactory.java:1822) ~[spring-beans-6.2.10.jar:6.2.10]
	... 20 common frames omitted


  .   ____          _            __ _ _
 /\\ / ___'_ __ _ _(_)_ __  __ _ \ \ \ \
( ( )\___ | '_ | '_| | '_ \/ _` | \ \ \ \
 \\/  ___)| |_)| | | | | || (_| |  ) ) ) )
  '  |____| .__|_| |_|_| |_\__, | / / / /
 =========|_|==============|___/=/_/_/_/

 :: Spring Boot ::                (v3.5.5)

2025-11-04T22:14:46.024+07:00  INFO 13976 --- [  restartedMain] c.h.h.HomeExpressApiApplication          : Starting HomeExpressApiApplication using Java 21.0.8 with PID 13976 (F:\01_Development\Active\home-express-project\backend\home-express-api\target\classes started by quana in F:\01_Development\Active\home-express-project\backend\home-express-api)
2025-11-04T22:14:46.025+07:00 DEBUG 13976 --- [  restartedMain] c.h.h.HomeExpressApiApplication          : Running with Spring Boot v3.5.5, Spring v6.2.10
2025-11-04T22:14:46.025+07:00  INFO 13976 --- [  restartedMain] c.h.h.HomeExpressApiApplication          : No active profile set, falling back to 1 default profile: "default"
2025-11-04T22:14:46.576+07:00  INFO 13976 --- [  restartedMain] .s.d.r.c.RepositoryConfigurationDelegate : Multiple Spring Data modules found, entering strict repository configuration mode
2025-11-04T22:14:46.576+07:00  INFO 13976 --- [  restartedMain] .s.d.r.c.RepositoryConfigurationDelegate : Bootstrapping Spring Data JPA repositories in DEFAULT mode.
2025-11-04T22:14:46.723+07:00  INFO 13976 --- [  restartedMain] .s.d.r.c.RepositoryConfigurationDelegate : Finished Spring Data repository scanning in 144 ms. Found 42 JPA repository interfaces.
2025-11-04T22:14:46.726+07:00  INFO 13976 --- [  restartedMain] .s.d.r.c.RepositoryConfigurationDelegate : Multiple Spring Data modules found, entering strict repository configuration mode
2025-11-04T22:14:46.726+07:00  INFO 13976 --- [  restartedMain] .s.d.r.c.RepositoryConfigurationDelegate : Bootstrapping Spring Data Redis repositories in DEFAULT mode.
2025-11-04T22:14:46.743+07:00  INFO 13976 --- [  restartedMain] .RepositoryConfigurationExtensionSupport : Spring Data Redis - Could not safely identify store assignment for repository candidate interface com.homeexpress.home_express_api.repository.AdminSettingsRepository; If you want this repository to be a Redis repository, consider annotating your entities with one of these annotations: org.springframework.data.redis.core.RedisHash (preferred), or consider extending one of the following types with your repository: org.springframework.data.keyvalue.repository.KeyValueRepository
2025-11-04T22:14:46.744+07:00  INFO 13976 --- [  restartedMain] .RepositoryConfigurationExtensionSupport : Spring Data Redis - Could not safely identify store assignment for repository candidate interface com.homeexpress.home_express_api.repository.BookingItemRepository; If you want this repository to be a Redis repository, consider annotating your entities with one of these annotations: org.springframework.data.redis.core.RedisHash (preferred), or consider extending one of the following types with your repository: org.springframework.data.keyvalue.repository.KeyValueRepository
2025-11-04T22:14:46.744+07:00  INFO 13976 --- [  restartedMain] .RepositoryConfigurationExtensionSupport : Spring Data Redis - Could not safely identify store assignment for repository candidate interface com.homeexpress.home_express_api.repository.BookingRepository; If you want this repository to be a Redis repository, consider annotating your entities with one of these annotations: org.springframework.data.redis.core.RedisHash (preferred), or consider extending one of the following types with your repository: org.springframework.data.keyvalue.repository.KeyValueRepository
2025-11-04T22:14:46.744+07:00  INFO 13976 --- [  restartedMain] .RepositoryConfigurationExtensionSupport : Spring Data Redis - Could not safely identify store assignment for repository candidate interface com.homeexpress.home_express_api.repository.BookingSettlementRepository; If you want this repository to be a Redis repository, consider annotating your entities with one of these annotations: org.springframework.data.redis.core.RedisHash (preferred), or consider extending one of the following types with your repository: org.springframework.data.keyvalue.repository.KeyValueRepository
2025-11-04T22:14:46.744+07:00  INFO 13976 --- [  restartedMain] .RepositoryConfigurationExtensionSupport : Spring Data Redis - Could not safely identify store assignment for repository candidate interface com.homeexpress.home_express_api.repository.BookingStatusHistoryRepository; If you want this repository to be a Redis repository, consider annotating your entities with one of these annotations: org.springframework.data.redis.core.RedisHash (preferred), or consider extending one of the following types with your repository: org.springframework.data.keyvalue.repository.KeyValueRepository
2025-11-04T22:14:46.744+07:00  INFO 13976 --- [  restartedMain] .RepositoryConfigurationExtensionSupport : Spring Data Redis - Could not safely identify store assignment for repository candidate interface com.homeexpress.home_express_api.repository.CategoryPricingRepository; If you want this repository to be a Redis repository, consider annotating your entities with one of these annotations: org.springframework.data.redis.core.RedisHash (preferred), or consider extending one of the following types with your repository: org.springframework.data.keyvalue.repository.KeyValueRepository
2025-11-04T22:14:46.744+07:00  INFO 13976 --- [  restartedMain] .RepositoryConfigurationExtensionSupport : Spring Data Redis - Could not safely identify store assignment for repository candidate interface com.homeexpress.home_express_api.repository.CategoryRepository; If you want this repository to be a Redis repository, consider annotating your entities with one of these annotations: org.springframework.data.redis.core.RedisHash (preferred), or consider extending one of the following types with your repository: org.springframework.data.keyvalue.repository.KeyValueRepository
2025-11-04T22:14:46.744+07:00  INFO 13976 --- [  restartedMain] .RepositoryConfigurationExtensionSupport : Spring Data Redis - Could not safely identify store assignment for repository candidate interface com.homeexpress.home_express_api.repository.CommissionRuleRepository; If you want this repository to be a Redis repository, consider annotating your entities with one of these annotations: org.springframework.data.redis.core.RedisHash (preferred), or consider extending one of the following types with your repository: org.springframework.data.keyvalue.repository.KeyValueRepository
2025-11-04T22:14:46.744+07:00  INFO 13976 --- [  restartedMain] .RepositoryConfigurationExtensionSupport : Spring Data Redis - Could not safely identify store assignment for repository candidate interface com.homeexpress.home_express_api.repository.ContractRepository; If you want this repository to be a Redis repository, consider annotating your entities with one of these annotations: org.springframework.data.redis.core.RedisHash (preferred), or consider extending one of the following types with your repository: org.springframework.data.keyvalue.repository.KeyValueRepository
2025-11-04T22:14:46.744+07:00  INFO 13976 --- [  restartedMain] .RepositoryConfigurationExtensionSupport : Spring Data Redis - Could not safely identify store assignment for repository candidate interface com.homeexpress.home_express_api.repository.CustomerRepository; If you want this repository to be a Redis repository, consider annotating your entities with one of these annotations: org.springframework.data.redis.core.RedisHash (preferred), or consider extending one of the following types with your repository: org.springframework.data.keyvalue.repository.KeyValueRepository
2025-11-04T22:14:46.744+07:00  INFO 13976 --- [  restartedMain] .RepositoryConfigurationExtensionSupport : Spring Data Redis - Could not safely identify store assignment for repository candidate interface com.homeexpress.home_express_api.repository.CustomerSavedItemRepository; If you want this repository to be a Redis repository, consider annotating your entities with one of these annotations: org.springframework.data.redis.core.RedisHash (preferred), or consider extending one of the following types with your repository: org.springframework.data.keyvalue.repository.KeyValueRepository
2025-11-04T22:14:46.744+07:00  INFO 13976 --- [  restartedMain] .RepositoryConfigurationExtensionSupport : Spring Data Redis - Could not safely identify store assignment for repository candidate interface com.homeexpress.home_express_api.repository.CustomerSettingsRepository; If you want this repository to be a Redis repository, consider annotating your entities with one of these annotations: org.springframework.data.redis.core.RedisHash (preferred), or consider extending one of the following types with your repository: org.springframework.data.keyvalue.repository.KeyValueRepository
2025-11-04T22:14:46.745+07:00  INFO 13976 --- [  restartedMain] .RepositoryConfigurationExtensionSupport : Spring Data Redis - Could not safely identify store assignment for repository candidate interface com.homeexpress.home_express_api.repository.EvidenceRepository; If you want this repository to be a Redis repository, consider annotating your entities with one of these annotations: org.springframework.data.redis.core.RedisHash (preferred), or consider extending one of the following types with your repository: org.springframework.data.keyvalue.repository.KeyValueRepository
2025-11-04T22:14:46.745+07:00  INFO 13976 --- [  restartedMain] .RepositoryConfigurationExtensionSupport : Spring Data Redis - Could not safely identify store assignment for repository candidate interface com.homeexpress.home_express_api.repository.IncidentRepository; If you want this repository to be a Redis repository, consider annotating your entities with one of these annotations: org.springframework.data.redis.core.RedisHash (preferred), or consider extending one of the following types with your repository: org.springframework.data.keyvalue.repository.KeyValueRepository
2025-11-04T22:14:46.745+07:00  INFO 13976 --- [  restartedMain] .RepositoryConfigurationExtensionSupport : Spring Data Redis - Could not safely identify store assignment for repository candidate interface com.homeexpress.home_express_api.repository.IntakeSessionItemRepository; If you want this repository to be a Redis repository, consider annotating your entities with one of these annotations: org.springframework.data.redis.core.RedisHash (preferred), or consider extending one of the following types with your repository: org.springframework.data.keyvalue.repository.KeyValueRepository
2025-11-04T22:14:46.745+07:00  INFO 13976 --- [  restartedMain] .RepositoryConfigurationExtensionSupport : Spring Data Redis - Could not safely identify store assignment for repository candidate interface com.homeexpress.home_express_api.repository.IntakeSessionRepository; If you want this repository to be a Redis repository, consider annotating your entities with one of these annotations: org.springframework.data.redis.core.RedisHash (preferred), or consider extending one of the following types with your repository: org.springframework.data.keyvalue.repository.KeyValueRepository
2025-11-04T22:14:46.745+07:00  INFO 13976 --- [  restartedMain] .RepositoryConfigurationExtensionSupport : Spring Data Redis - Could not safely identify store assignment for repository candidate interface com.homeexpress.home_express_api.repository.LoginAttemptRepository; If you want this repository to be a Redis repository, consider annotating your entities with one of these annotations: org.springframework.data.redis.core.RedisHash (preferred), or consider extending one of the following types with your repository: org.springframework.data.keyvalue.repository.KeyValueRepository
2025-11-04T22:14:46.745+07:00  INFO 13976 --- [  restartedMain] .RepositoryConfigurationExtensionSupport : Spring Data Redis - Could not safely identify store assignment for repository candidate interface com.homeexpress.home_express_api.repository.ManagerRepository; If you want this repository to be a Redis repository, consider annotating your entities with one of these annotations: org.springframework.data.redis.core.RedisHash (preferred), or consider extending one of the following types with your repository: org.springframework.data.keyvalue.repository.KeyValueRepository
2025-11-04T22:14:46.745+07:00  INFO 13976 --- [  restartedMain] .RepositoryConfigurationExtensionSupport : Spring Data Redis - Could not safely identify store assignment for repository candidate interface com.homeexpress.home_express_api.repository.NotificationPreferenceRepository; If you want this repository to be a Redis repository, consider annotating your entities with one of these annotations: org.springframework.data.redis.core.RedisHash (preferred), or consider extending one of the following types with your repository: org.springframework.data.keyvalue.repository.KeyValueRepository
2025-11-04T22:14:46.745+07:00  INFO 13976 --- [  restartedMain] .RepositoryConfigurationExtensionSupport : Spring Data Redis - Could not safely identify store assignment for repository candidate interface com.homeexpress.home_express_api.repository.NotificationRepository; If you want this repository to be a Redis repository, consider annotating your entities with one of these annotations: org.springframework.data.redis.core.RedisHash (preferred), or consider extending one of the following types with your repository: org.springframework.data.keyvalue.repository.KeyValueRepository
2025-11-04T22:14:46.745+07:00  INFO 13976 --- [  restartedMain] .RepositoryConfigurationExtensionSupport : Spring Data Redis - Could not safely identify store assignment for repository candidate interface com.homeexpress.home_express_api.repository.OtpRepository; If you want this repository to be a Redis repository, consider annotating your entities with one of these annotations: org.springframework.data.redis.core.RedisHash (preferred), or consider extending one of the following types with your repository: org.springframework.data.keyvalue.repository.KeyValueRepository
2025-11-04T22:14:46.745+07:00  INFO 13976 --- [  restartedMain] .RepositoryConfigurationExtensionSupport : Spring Data Redis - Could not safely identify store assignment for repository candidate interface com.homeexpress.home_express_api.repository.OutboxMessageRepository; If you want this repository to be a Redis repository, consider annotating your entities with one of these annotations: org.springframework.data.redis.core.RedisHash (preferred), or consider extending one of the following types with your repository: org.springframework.data.keyvalue.repository.KeyValueRepository
2025-11-04T22:14:46.746+07:00  INFO 13976 --- [  restartedMain] .RepositoryConfigurationExtensionSupport : Spring Data Redis - Could not safely identify store assignment for repository candidate interface com.homeexpress.home_express_api.repository.PaymentRepository; If you want this repository to be a Redis repository, consider annotating your entities with one of these annotations: org.springframework.data.redis.core.RedisHash (preferred), or consider extending one of the following types with your repository: org.springframework.data.keyvalue.repository.KeyValueRepository
2025-11-04T22:14:46.746+07:00  INFO 13976 --- [  restartedMain] .RepositoryConfigurationExtensionSupport : Spring Data Redis - Could not safely identify store assignment for repository candidate interface com.homeexpress.home_express_api.repository.PriceHistoryRepository; If you want this repository to be a Redis repository, consider annotating your entities with one of these annotations: org.springframework.data.redis.core.RedisHash (preferred), or consider extending one of the following types with your repository: org.springframework.data.keyvalue.repository.KeyValueRepository
2025-11-04T22:14:46.746+07:00  INFO 13976 --- [  restartedMain] .RepositoryConfigurationExtensionSupport : Spring Data Redis - Could not safely identify store assignment for repository candidate interface com.homeexpress.home_express_api.repository.ProductModelRepository; If you want this repository to be a Redis repository, consider annotating your entities with one of these annotations: org.springframework.data.redis.core.RedisHash (preferred), or consider extending one of the following types with your repository: org.springframework.data.keyvalue.repository.KeyValueRepository
2025-11-04T22:14:46.746+07:00  INFO 13976 --- [  restartedMain] .RepositoryConfigurationExtensionSupport : Spring Data Redis - Could not safely identify store assignment for repository candidate interface com.homeexpress.home_express_api.repository.QuotationRepository; If you want this repository to be a Redis repository, consider annotating your entities with one of these annotations: org.springframework.data.redis.core.RedisHash (preferred), or consider extending one of the following types with your repository: org.springframework.data.keyvalue.repository.KeyValueRepository
2025-11-04T22:14:46.746+07:00  INFO 13976 --- [  restartedMain] .RepositoryConfigurationExtensionSupport : Spring Data Redis - Could not safely identify store assignment for repository candidate interface com.homeexpress.home_express_api.repository.ReviewReportRepository; If you want this repository to be a Redis repository, consider annotating your entities with one of these annotations: org.springframework.data.redis.core.RedisHash (preferred), or consider extending one of the following types with your repository: org.springframework.data.keyvalue.repository.KeyValueRepository
2025-11-04T22:14:46.746+07:00  INFO 13976 --- [  restartedMain] .RepositoryConfigurationExtensionSupport : Spring Data Redis - Could not safely identify store assignment for repository candidate interface com.homeexpress.home_express_api.repository.ReviewRepository; If you want this repository to be a Redis repository, consider annotating your entities with one of these annotations: org.springframework.data.redis.core.RedisHash (preferred), or consider extending one of the following types with your repository: org.springframework.data.keyvalue.repository.KeyValueRepository
2025-11-04T22:14:46.746+07:00  INFO 13976 --- [  restartedMain] .RepositoryConfigurationExtensionSupport : Spring Data Redis - Could not safely identify store assignment for repository candidate interface com.homeexpress.home_express_api.repository.ReviewResponseRepository; If you want this repository to be a Redis repository, consider annotating your entities with one of these annotations: org.springframework.data.redis.core.RedisHash (preferred), or consider extending one of the following types with your repository: org.springframework.data.keyvalue.repository.KeyValueRepository
2025-11-04T22:14:46.746+07:00  INFO 13976 --- [  restartedMain] .RepositoryConfigurationExtensionSupport : Spring Data Redis - Could not safely identify store assignment for repository candidate interface com.homeexpress.home_express_api.repository.SizeRepository; If you want this repository to be a Redis repository, consider annotating your entities with one of these annotations: org.springframework.data.redis.core.RedisHash (preferred), or consider extending one of the following types with your repository: org.springframework.data.keyvalue.repository.KeyValueRepository
2025-11-04T22:14:46.746+07:00  INFO 13976 --- [  restartedMain] .RepositoryConfigurationExtensionSupport : Spring Data Redis - Could not safely identify store assignment for repository candidate interface com.homeexpress.home_express_api.repository.TransportPayoutItemRepository; If you want this repository to be a Redis repository, consider annotating your entities with one of these annotations: org.springframework.data.redis.core.RedisHash (preferred), or consider extending one of the following types with your repository: org.springframework.data.keyvalue.repository.KeyValueRepository
2025-11-04T22:14:46.746+07:00  INFO 13976 --- [  restartedMain] .RepositoryConfigurationExtensionSupport : Spring Data Redis - Could not safely identify store assignment for repository candidate interface com.homeexpress.home_express_api.repository.TransportPayoutRepository; If you want this repository to be a Redis repository, consider annotating your entities with one of these annotations: org.springframework.data.redis.core.RedisHash (preferred), or consider extending one of the following types with your repository: org.springframework.data.keyvalue.repository.KeyValueRepository
2025-11-04T22:14:46.746+07:00  INFO 13976 --- [  restartedMain] .RepositoryConfigurationExtensionSupport : Spring Data Redis - Could not safely identify store assignment for repository candidate interface com.homeexpress.home_express_api.repository.TransportRepository; If you want this repository to be a Redis repository, consider annotating your entities with one of these annotations: org.springframework.data.redis.core.RedisHash (preferred), or consider extending one of the following types with your repository: org.springframework.data.keyvalue.repository.KeyValueRepository
2025-11-04T22:14:46.746+07:00  INFO 13976 --- [  restartedMain] .RepositoryConfigurationExtensionSupport : Spring Data Redis - Could not safely identify store assignment for repository candidate interface com.homeexpress.home_express_api.repository.TransportSettingsRepository; If you want this repository to be a Redis repository, consider annotating your entities with one of these annotations: org.springframework.data.redis.core.RedisHash (preferred), or consider extending one of the following types with your repository: org.springframework.data.keyvalue.repository.KeyValueRepository
2025-11-04T22:14:46.746+07:00  INFO 13976 --- [  restartedMain] .RepositoryConfigurationExtensionSupport : Spring Data Redis - Could not safely identify store assignment for repository candidate interface com.homeexpress.home_express_api.repository.UserRepository; If you want this repository to be a Redis repository, consider annotating your entities with one of these annotations: org.springframework.data.redis.core.RedisHash (preferred), or consider extending one of the following types with your repository: org.springframework.data.keyvalue.repository.KeyValueRepository
2025-11-04T22:14:46.746+07:00  INFO 13976 --- [  restartedMain] .RepositoryConfigurationExtensionSupport : Spring Data Redis - Could not safely identify store assignment for repository candidate interface com.homeexpress.home_express_api.repository.UserSessionRepository; If you want this repository to be a Redis repository, consider annotating your entities with one of these annotations: org.springframework.data.redis.core.RedisHash (preferred), or consider extending one of the following types with your repository: org.springframework.data.keyvalue.repository.KeyValueRepository
2025-11-04T22:14:46.747+07:00  INFO 13976 --- [  restartedMain] .RepositoryConfigurationExtensionSupport : Spring Data Redis - Could not safely identify store assignment for repository candidate interface com.homeexpress.home_express_api.repository.UserTokenRepository; If you want this repository to be a Redis repository, consider annotating your entities with one of these annotations: org.springframework.data.redis.core.RedisHash (preferred), or consider extending one of the following types with your repository: org.springframework.data.keyvalue.repository.KeyValueRepository
2025-11-04T22:14:46.747+07:00  INFO 13976 --- [  restartedMain] .RepositoryConfigurationExtensionSupport : Spring Data Redis - Could not safely identify store assignment for repository candidate interface com.homeexpress.home_express_api.repository.VehiclePricingRepository; If you want this repository to be a Redis repository, consider annotating your entities with one of these annotations: org.springframework.data.redis.core.RedisHash (preferred), or consider extending one of the following types with your repository: org.springframework.data.keyvalue.repository.KeyValueRepository
2025-11-04T22:14:46.747+07:00  INFO 13976 --- [  restartedMain] .RepositoryConfigurationExtensionSupport : Spring Data Redis - Could not safely identify store assignment for repository candidate interface com.homeexpress.home_express_api.repository.VehicleRepository; If you want this repository to be a Redis repository, consider annotating your entities with one of these annotations: org.springframework.data.redis.core.RedisHash (preferred), or consider extending one of the following types with your repository: org.springframework.data.keyvalue.repository.KeyValueRepository
2025-11-04T22:14:46.747+07:00  INFO 13976 --- [  restartedMain] .RepositoryConfigurationExtensionSupport : Spring Data Redis - Could not safely identify store assignment for repository candidate interface com.homeexpress.home_express_api.repository.VnDistrictRepository; If you want this repository to be a Redis repository, consider annotating your entities with one of these annotations: org.springframework.data.redis.core.RedisHash (preferred), or consider extending one of the following types with your repository: org.springframework.data.keyvalue.repository.KeyValueRepository
2025-11-04T22:14:46.747+07:00  INFO 13976 --- [  restartedMain] .RepositoryConfigurationExtensionSupport : Spring Data Redis - Could not safely identify store assignment for repository candidate interface com.homeexpress.home_express_api.repository.VnProvinceRepository; If you want this repository to be a Redis repository, consider annotating your entities with one of these annotations: org.springframework.data.redis.core.RedisHash (preferred), or consider extending one of the following types with your repository: org.springframework.data.keyvalue.repository.KeyValueRepository
2025-11-04T22:14:46.747+07:00  INFO 13976 --- [  restartedMain] .RepositoryConfigurationExtensionSupport : Spring Data Redis - Could not safely identify store assignment for repository candidate interface com.homeexpress.home_express_api.repository.VnWardRepository; If you want this repository to be a Redis repository, consider annotating your entities with one of these annotations: org.springframework.data.redis.core.RedisHash (preferred), or consider extending one of the following types with your repository: org.springframework.data.keyvalue.repository.KeyValueRepository
2025-11-04T22:14:46.747+07:00  INFO 13976 --- [  restartedMain] .s.d.r.c.RepositoryConfigurationDelegate : Finished Spring Data repository scanning in 19 ms. Found 0 Redis repository interfaces.
2025-11-04T22:14:46.883+07:00  INFO 13976 --- [  restartedMain] o.s.b.w.embedded.tomcat.TomcatWebServer  : Tomcat initialized with port 8084 (http)
2025-11-04T22:14:46.885+07:00  INFO 13976 --- [  restartedMain] o.apache.catalina.core.StandardService   : Starting service [Tomcat]
2025-11-04T22:14:46.885+07:00  INFO 13976 --- [  restartedMain] o.apache.catalina.core.StandardEngine    : Starting Servlet engine: [Apache Tomcat/10.1.44]
2025-11-04T22:14:46.914+07:00  INFO 13976 --- [  restartedMain] o.a.c.c.C.[Tomcat-1].[localhost].[/]     : Initializing Spring embedded WebApplicationContext
2025-11-04T22:14:46.914+07:00  INFO 13976 --- [  restartedMain] w.s.c.ServletWebServerApplicationContext : Root WebApplicationContext: initialization completed in 888 ms
2025-11-04T22:14:47.002+07:00  INFO 13976 --- [  restartedMain] com.zaxxer.hikari.HikariDataSource       : HikariPool-3 - Starting...
2025-11-04T22:14:47.012+07:00  INFO 13976 --- [  restartedMain] com.zaxxer.hikari.pool.HikariPool        : HikariPool-3 - Added connection com.mysql.cj.jdbc.ConnectionImpl@399fbcd
2025-11-04T22:14:47.013+07:00  INFO 13976 --- [  restartedMain] com.zaxxer.hikari.HikariDataSource       : HikariPool-3 - Start completed.
2025-11-04T22:14:47.018+07:00  INFO 13976 --- [  restartedMain] org.flywaydb.core.FlywayExecutor         : Database: jdbc:mysql://localhost:3306/home_express?useSSL=false&serverTimezone=Asia/Ho_Chi_Minh (MySQL 8.0)
2025-11-04T22:14:47.047+07:00  INFO 13976 --- [  restartedMain] o.f.core.internal.command.DbValidate     : Successfully validated 18 migrations (execution time 00:00.017s)
2025-11-04T22:14:47.061+07:00  INFO 13976 --- [  restartedMain] o.f.core.internal.command.DbMigrate      : Current version of schema `home_express`: 20251116
2025-11-04T22:14:47.061+07:00  WARN 13976 --- [  restartedMain] o.f.core.internal.command.DbMigrate      : outOfOrder mode is active. Migration of schema `home_express` may not be reproducible.
2025-11-04T22:14:47.062+07:00  INFO 13976 --- [  restartedMain] o.f.core.internal.command.DbMigrate      : Schema `home_express` is up to date. No migration necessary.
2025-11-04T22:14:47.102+07:00  INFO 13976 --- [  restartedMain] o.hibernate.jpa.internal.util.LogHelper  : HHH000204: Processing PersistenceUnitInfo [name: default]
2025-11-04T22:14:47.104+07:00  INFO 13976 --- [  restartedMain] o.h.c.internal.RegionFactoryInitiator    : HHH000026: Second-level cache disabled
2025-11-04T22:14:47.115+07:00  INFO 13976 --- [  restartedMain] o.s.o.j.p.SpringPersistenceUnitInfo      : No LoadTimeWeaver setup: ignoring JPA class transformer
2025-11-04T22:14:47.117+07:00  WARN 13976 --- [  restartedMain] org.hibernate.orm.deprecation            : HHH90000025: MySQL8Dialect does not need to be specified explicitly using 'hibernate.dialect' (remove the property setting and it will be selected by default)
2025-11-04T22:14:47.117+07:00  WARN 13976 --- [  restartedMain] org.hibernate.orm.deprecation            : HHH90000026: MySQL8Dialect has been deprecated; use org.hibernate.dialect.MySQLDialect instead
2025-11-04T22:14:47.117+07:00  INFO 13976 --- [  restartedMain] org.hibernate.orm.connections.pooling    : HHH10001005: Database info:
	Database JDBC URL [Connecting through datasource 'HikariDataSource (HikariPool-3)']
	Database driver: undefined/unknown
	Database version: 8.0
	Autocommit mode: undefined/unknown
	Isolation level: undefined/unknown
	Minimum pool size: undefined/unknown
	Maximum pool size: undefined/unknown
2025-11-04T22:14:47.798+07:00  INFO 13976 --- [  restartedMain] o.h.e.t.j.p.i.JtaPlatformInitiator       : HHH000489: No JTA platform available (set 'hibernate.transaction.jta.platform' to enable JTA platform integration)
2025-11-04T22:14:47.799+07:00  INFO 13976 --- [  restartedMain] j.LocalContainerEntityManagerFactoryBean : Initialized JPA EntityManagerFactory for persistence unit 'default'
2025-11-04T22:14:47.888+07:00 DEBUG 13976 --- [  restartedMain] c.h.h.config.JwtAuthenticationFilter     : Filter 'jwtAuthenticationFilter' configured for use
2025-11-04T22:14:48.940+07:00  WARN 13976 --- [  restartedMain] JpaBaseConfiguration$JpaWebConfiguration : spring.jpa.open-in-view is enabled by default. Therefore, database queries may be performed during view rendering. Explicitly configure spring.jpa.open-in-view to disable this warning
2025-11-04T22:14:49.099+07:00  INFO 13976 --- [  restartedMain] o.s.b.a.e.web.EndpointLinksResolver      : Exposing 1 endpoint beneath base path '/actuator'
2025-11-04T22:14:49.127+07:00  WARN 13976 --- [  restartedMain] .s.s.UserDetailsServiceAutoConfiguration : 

Using generated security password: 3d05eed6-f0ed-4728-a300-f966a9898f33

This generated password is for development use only. Your security configuration must be updated before running your application in production.

2025-11-04T22:14:49.129+07:00  INFO 13976 --- [  restartedMain] r$InitializeUserDetailsManagerConfigurer : Global AuthenticationManager configured with UserDetailsService bean with name inMemoryUserDetailsManager
2025-11-04T22:14:49.171+07:00 DEBUG 13976 --- [  restartedMain] o.s.s.web.DefaultSecurityFilterChain     : Will secure any request with filters: DisableEncodeUrlFilter, WebAsyncManagerIntegrationFilter, SecurityContextHolderFilter, HeaderWriterFilter, CorsFilter, LogoutFilter, JwtAuthenticationFilter, RequestCacheAwareFilter, SecurityContextHolderAwareRequestFilter, AnonymousAuthenticationFilter, SessionManagementFilter, ExceptionTranslationFilter, AuthorizationFilter
2025-11-04T22:14:49.409+07:00  INFO 13976 --- [  restartedMain] o.s.b.d.a.OptionalLiveReloadServer       : LiveReload server is running on port 35729
2025-11-04T22:14:49.436+07:00  INFO 13976 --- [  restartedMain] o.s.b.w.embedded.tomcat.TomcatWebServer  : Tomcat started on port 8084 (http) with context path '/'
2025-11-04T22:14:49.442+07:00  INFO 13976 --- [  restartedMain] c.h.h.HomeExpressApiApplication          : Started HomeExpressApiApplication in 3.436 seconds (process running for 349.753)
Hibernate: 
    select
        u1_0.user_id,
        u1_0.created_at,
        u1_0.email,
        u1_0.email_verified_at,
        u1_0.is_active,
        u1_0.is_verified,
        u1_0.last_login,
        u1_0.last_password_change,
        u1_0.locked_until,
        u1_0.password_hash,
        u1_0.reset_password_expires,
        u1_0.reset_password_token,
        u1_0.role,
        u1_0.updated_at,
        u1_0.verification_token 
    from
        users u1_0 
    where
        u1_0.email=?
Hibernate: 
    select
        m1_0.manager_id,
        m1_0.created_at,
        m1_0.department,
        m1_0.employee_id,
        m1_0.full_name,
        m1_0.permissions,
        m1_0.phone,
        m1_0.updated_at,
        u1_0.user_id,
        u1_0.created_at,
        u1_0.email,
        u1_0.email_verified_at,
        u1_0.is_active,
        u1_0.is_verified,
        u1_0.last_login,
        u1_0.last_password_change,
        u1_0.locked_until,
        u1_0.password_hash,
        u1_0.reset_password_expires,
        u1_0.reset_password_token,
        u1_0.role,
        u1_0.updated_at,
        u1_0.verification_token 
    from
        managers m1_0 
    join
        users u1_0 
            on u1_0.user_id=m1_0.manager_id 
    where
        m1_0.manager_id=?
2025-11-04T22:14:49.469+07:00  INFO 13976 --- [  restartedMain] .ConditionEvaluationDeltaLoggingListener : Condition evaluation unchanged
[INFO] ------------------------------------------------------------------------
[INFO] BUILD FAILURE
[INFO] ------------------------------------------------------------------------
[INFO] Total time:  07:35 min
[INFO] Finished at: 2025-11-04T22:16:31+07:00
[INFO] ------------------------------------------------------------------------
[ERROR] Failed to execute goal org.springframework.boot:spring-boot-maven-plugin:3.5.5:run (default-cli) on project home-express-api: Process terminated with exit code: 1 -> [Help 1]
[ERROR] 
[ERROR] To see the full stack trace of the errors, re-run Maven with the -e switch.
[ERROR] Re-run Maven using the -X switch to enable full debug logging.
[ERROR] 
[ERROR] For more information about the errors and possible solutions, please read the following articles:
[ERROR] [Help 1] http://cwiki.apache.org/confluence/display/MAVEN/MojoExecutionException

F:\01_Development\Active\home-express-project\backend\home-express-api>